{"pr_number": 10678, "pr_title": "Add and remove extension from single module project", "pr_createdAt": "2020-07-13T12:20:02Z", "pr_url": "https://github.com/quarkusio/quarkus/pull/10678", "timeline": [{"id": "MDI0OlB1bGxSZXF1ZXN0UmV2aWV3Q29tbWVudDQ1MzYxNjM5NA==", "url": "https://github.com/quarkusio/quarkus/pull/10678#discussion_r453616394", "bodyText": "You can use Files.readAllBytes instead", "author": "gastaldi", "createdAt": "2020-07-13T12:34:34Z", "path": "integration-tests/gradle/src/test/java/io/quarkus/gradle/AddExtensionToSingleModuleProjectTest.java", "diffHunk": "@@ -0,0 +1,46 @@\n+package io.quarkus.gradle;\n+\n+import static org.assertj.core.api.Assertions.assertThat;\n+\n+import java.io.BufferedReader;\n+import java.io.File;\n+import java.io.IOException;\n+import java.io.StringWriter;\n+import java.net.URISyntaxException;\n+import java.nio.file.Files;\n+import java.nio.file.Path;\n+\n+import org.junit.jupiter.api.Test;\n+\n+public class AddExtensionToSingleModuleProjectTest extends QuarkusGradleWrapperTestBase {\n+\n+    private static final int DEFAULT_BUFFER_SIZE = 1024 * 4;\n+\n+    @Test\n+    public void testAddAndRemoveExtension() throws IOException, URISyntaxException, InterruptedException {\n+\n+        final File projectDir = getProjectDir(\"add-remove-extension-single-module\");\n+\n+        runGradleWrapper(projectDir, \":addExtension\", \"--extensions=hibernate-orm\");\n+\n+        final Path Build = projectDir.toPath().resolve(\"build.gradle\");\n+        assertThat(Build).exists();\n+        assertThat(readFile(Build)).contains(\"implementation 'io.quarkus:quarkus-hibernate-orm'\");\n+\n+        runGradleWrapper(projectDir, \":removeExtension\", \"--extensions=hibernate-orm\");\n+        assertThat(readFile(Build)).doesNotContain(\"implementation 'io.quarkus:quarkus-hibernate-orm'\");\n+\n+    }\n+\n+    private static String readFile(Path file) throws IOException {", "originalCommit": "33f631a432e7c95bd28755dff254cee52ef0dd83", "replyToReviewId": null, "replies": [{"id": "MDI0OlB1bGxSZXF1ZXN0UmV2aWV3Q29tbWVudDQ1MzYyNjIwMw==", "url": "https://github.com/quarkusio/quarkus/pull/10678#discussion_r453626203", "bodyText": "Will do", "author": "Garima829", "createdAt": "2020-07-13T12:51:38Z", "replyToReviewId": "MDI0OlB1bGxSZXF1ZXN0UmV2aWV3Q29tbWVudDQ1MzYxNjM5NA=="}], "type": "inlineReview"}, {"oid": "3ebdda4db70835b1a1655c2d19da4eb1aa75b842", "url": "https://github.com/quarkusio/quarkus/commit/3ebdda4db70835b1a1655c2d19da4eb1aa75b842", "message": "Add and remove extension from single module project", "committedDate": "2020-07-13T13:46:05Z", "type": "forcePushed"}, {"id": "MDI0OlB1bGxSZXF1ZXN0UmV2aWV3Q29tbWVudDQ1MzY2NTMwOA==", "url": "https://github.com/quarkusio/quarkus/pull/10678#discussion_r453665308", "bodyText": "Files.readString is JDK11+. Unfortunately, the code including tests must (still) be JDK8 compatible.\n\n  \n    \n      \n        Suggested change\n        \n          \n    \n\n        \n      \n    \n    \n      \n          \n            \n                    assertThat(Files.readString(Build)).contains(\"implementation 'io.quarkus:quarkus-hibernate-orm'\");\n          \n          \n            \n                    assertThat(new String(Files.readAllBytes(Build))).contains(\"implementation 'io.quarkus:quarkus-hibernate-orm'\");", "author": "gastaldi", "createdAt": "2020-07-13T13:52:09Z", "path": "integration-tests/gradle/src/test/java/io/quarkus/gradle/AddExtensionToSingleModuleProjectTest.java", "diffHunk": "@@ -0,0 +1,48 @@\n+package io.quarkus.gradle;\n+\n+import static org.assertj.core.api.Assertions.assertThat;\n+\n+import java.io.File;\n+import java.io.IOException;\n+import java.net.URISyntaxException;\n+import java.nio.file.Files;\n+import java.nio.file.Path;\n+\n+import org.junit.jupiter.api.Test;\n+\n+public class AddExtensionToSingleModuleProjectTest extends QuarkusGradleWrapperTestBase {\n+\n+    @Test\n+    public void testAddAndRemoveExtension() throws IOException, URISyntaxException, InterruptedException {\n+\n+        final File projectDir = getProjectDir(\"add-remove-extension-single-module\");\n+\n+        runGradleWrapper(projectDir, \":addExtension\", \"--extensions=hibernate-orm\");\n+\n+        final Path Build = projectDir.toPath().resolve(\"build.gradle\");\n+        assertThat(Build).exists();\n+        assertThat(Files.readString(Build)).contains(\"implementation 'io.quarkus:quarkus-hibernate-orm'\");", "originalCommit": "3ebdda4db70835b1a1655c2d19da4eb1aa75b842", "replyToReviewId": null, "replies": [{"id": "MDI0OlB1bGxSZXF1ZXN0UmV2aWV3Q29tbWVudDQ1MzY2NTg3Mg==", "url": "https://github.com/quarkusio/quarkus/pull/10678#discussion_r453665872", "bodyText": "Also make sure to rename the Build variable to build to follow the Java coding guidelines for variables \ud83d\ude09", "author": "gastaldi", "createdAt": "2020-07-13T13:53:02Z", "replyToReviewId": "MDI0OlB1bGxSZXF1ZXN0UmV2aWV3Q29tbWVudDQ1MzY2NTMwOA=="}, {"id": "MDI0OlB1bGxSZXF1ZXN0UmV2aWV3Q29tbWVudDQ1MzY2NTk3OQ==", "url": "https://github.com/quarkusio/quarkus/pull/10678#discussion_r453665979", "bodyText": "Files.readAllBytes was giving some errors", "author": "Garima829", "createdAt": "2020-07-13T13:53:12Z", "replyToReviewId": "MDI0OlB1bGxSZXF1ZXN0UmV2aWV3Q29tbWVudDQ1MzY2NTMwOA=="}, {"id": "MDI0OlB1bGxSZXF1ZXN0UmV2aWV3Q29tbWVudDQ1MzY2NzMxOQ==", "url": "https://github.com/quarkusio/quarkus/pull/10678#discussion_r453667319", "bodyText": "What errors? Can you post a stacktrace?", "author": "gastaldi", "createdAt": "2020-07-13T13:54:59Z", "replyToReviewId": "MDI0OlB1bGxSZXF1ZXN0UmV2aWV3Q29tbWVudDQ1MzY2NTMwOA=="}, {"id": "MDI0OlB1bGxSZXF1ZXN0UmV2aWV3Q29tbWVudDQ1MzY2OTAxNw==", "url": "https://github.com/quarkusio/quarkus/pull/10678#discussion_r453669017", "bodyText": "For input string: \"implementation 'io.quarkus:quarkus-hibernate-orm'\"\njava.lang.NumberFormatException: For input string: \"implementation 'io.quarkus:quarkus-hibernate-orm'\"\nat java.base/java.lang.NumberFormatException.forInputString(NumberFormatException.java:65)\nat java.base/java.lang.Integer.parseInt(Integer.java:652)\nat java.base/java.lang.Byte.parseByte(Byte.java:152)\nat java.base/java.lang.Byte.parseByte(Byte.java:178)\nat io.quarkus.gradle.AddExtensionToSingleModuleProjectTest.testAddAndRemoveExtension(AddExtensionToSingleModuleProjectTest.java:24)\nat java.base/jdk.internal.reflect.NativeMethodAccessorImpl.invoke0(Native Method)\nat java.base/jdk.internal.reflect.NativeMethodAccessorImpl.invoke(NativeMethodAccessorImpl.java:62)\nat java.base/jdk.internal.reflect.DelegatingMethodAccessorImpl.invoke(DelegatingMethodAccessorImpl.java:43)\nat java.base/java.lang.reflect.Method.invoke(Method.java:566)\nat org.junit.platform.commons.util.ReflectionUtils.invokeMethod(ReflectionUtils.java:686)\nat org.junit.jupiter.engine.execution.MethodInvocation.proceed(MethodInvocation.java:60)\nat org.junit.jupiter.engine.execution.InvocationInterceptorChain$ValidatingInvocation.proceed(InvocationInterceptorChain.java:131)\nat org.junit.jupiter.engine.extension.TimeoutExtension.intercept(TimeoutExtension.java:149)\nat org.junit.jupiter.engine.extension.TimeoutExtension.interceptTestableMethod(TimeoutExtension.java:140)\nat org.junit.jupiter.engine.extension.TimeoutExtension.interceptTestMethod(TimeoutExtension.java:84)\nat org.junit.jupiter.engine.execution.ExecutableInvoker$ReflectiveInterceptorCall.lambda$ofVoidMethod$0(ExecutableInvoker.java:115)\nat org.junit.jupiter.engine.execution.ExecutableInvoker.lambda$invoke$0(ExecutableInvoker.java:105)\nat org.junit.jupiter.engine.execution.InvocationInterceptorChain$InterceptedInvocation.proceed(InvocationInterceptorChain.java:106)\nat org.junit.jupiter.engine.execution.InvocationInterceptorChain.proceed(InvocationInterceptorChain.java:64)\nat org.junit.jupiter.engine.execution.InvocationInterceptorChain.chainAndInvoke(InvocationInterceptorChain.java:45)\nat org.junit.jupiter.engine.execution.InvocationInterceptorChain.invoke(InvocationInterceptorChain.java:37)\nat org.junit.jupiter.engine.execution.ExecutableInvoker.invoke(ExecutableInvoker.java:104)\nat org.junit.jupiter.engine.execution.ExecutableInvoker.invoke(ExecutableInvoker.java:98)\nat org.junit.jupiter.engine.descriptor.TestMethodTestDescriptor.lambda$invokeTestMethod$6(TestMethodTestDescriptor.java:212)\nat org.junit.platform.engine.support.hierarchical.ThrowableCollector.execute(ThrowableCollector.java:73)\nat org.junit.jupiter.engine.descriptor.TestMethodTestDescriptor.invokeTestMethod(TestMethodTestDescriptor.java:208)\nat org.junit.jupiter.engine.descriptor.TestMethodTestDescriptor.execute(TestMethodTestDescriptor.java:137)\nat org.junit.jupiter.engine.descriptor.TestMethodTestDescriptor.execute(TestMethodTestDescriptor.java:71)\nat org.junit.platform.engine.support.hierarchical.NodeTestTask.lambda$executeRecursively$5(NodeTestTask.java:135)\nat org.junit.platform.engine.support.hierarchical.ThrowableCollector.execute(ThrowableCollector.java:73)\nat org.junit.platform.engine.support.hierarchical.NodeTestTask.lambda$executeRecursively$7(NodeTestTask.java:125)\nat org.junit.platform.engine.support.hierarchical.Node.around(Node.java:135)\nat org.junit.platform.engine.support.hierarchical.NodeTestTask.lambda$executeRecursively$8(NodeTestTask.java:123)\nat org.junit.platform.engine.support.hierarchical.ThrowableCollector.execute(ThrowableCollector.java:73)\nat org.junit.platform.engine.support.hierarchical.NodeTestTask.executeRecursively(NodeTestTask.java:122)\nat org.junit.platform.engine.support.hierarchical.NodeTestTask.execute(NodeTestTask.java:80)\nat java.base/java.util.ArrayList.forEach(ArrayList.java:1540)\nat org.junit.platform.engine.support.hierarchical.SameThreadHierarchicalTestExecutorService.invokeAll(SameThreadHierarchicalTestExecutorService.java:38)\nat org.junit.platform.engine.support.hierarchical.NodeTestTask.lambda$executeRecursively$5(NodeTestTask.java:139)\nat org.junit.platform.engine.support.hierarchical.ThrowableCollector.execute(ThrowableCollector.java:73)\nat org.junit.platform.engine.support.hierarchical.NodeTestTask.lambda$executeRecursively$7(NodeTestTask.java:125)\nat org.junit.platform.engine.support.hierarchical.Node.around(Node.java:135)\nat org.junit.platform.engine.support.hierarchical.NodeTestTask.lambda$executeRecursively$8(NodeTestTask.java:123)\nat org.junit.platform.engine.support.hierarchical.ThrowableCollector.execute(ThrowableCollector.java:73)\nat org.junit.platform.engine.support.hierarchical.NodeTestTask.executeRecursively(NodeTestTask.java:122)\nat org.junit.platform.engine.support.hierarchical.NodeTestTask.execute(NodeTestTask.java:80)\nat java.base/java.util.ArrayList.forEach(ArrayList.java:1540)\nat org.junit.platform.engine.support.hierarchical.SameThreadHierarchicalTestExecutorService.invokeAll(SameThreadHierarchicalTestExecutorService.java:38)\nat org.junit.platform.engine.support.hierarchical.NodeTestTask.lambda$executeRecursively$5(NodeTestTask.java:139)\nat org.junit.platform.engine.support.hierarchical.ThrowableCollector.execute(ThrowableCollector.java:73)\nat org.junit.platform.engine.support.hierarchical.NodeTestTask.lambda$executeRecursively$7(NodeTestTask.java:125)\nat org.junit.platform.engine.support.hierarchical.Node.around(Node.java:135)\nat org.junit.platform.engine.support.hierarchical.NodeTestTask.lambda$executeRecursively$8(NodeTestTask.java:123)\nat org.junit.platform.engine.support.hierarchical.ThrowableCollector.execute(ThrowableCollector.java:73)\nat org.junit.platform.engine.support.hierarchical.NodeTestTask.executeRecursively(NodeTestTask.java:122)\nat org.junit.platform.engine.support.hierarchical.NodeTestTask.execute(NodeTestTask.java:80)\nat org.junit.platform.engine.support.hierarchical.SameThreadHierarchicalTestExecutorService.submit(SameThreadHierarchicalTestExecutorService.java:32)\nat org.junit.platform.engine.support.hierarchical.HierarchicalTestExecutor.execute(HierarchicalTestExecutor.java:57)\nat org.junit.platform.engine.support.hierarchical.HierarchicalTestEngine.execute(HierarchicalTestEngine.java:51)\nat org.junit.platform.launcher.core.DefaultLauncher.execute(DefaultLauncher.java:248)\nat org.junit.platform.launcher.core.DefaultLauncher.lambda$execute$5(DefaultLauncher.java:211)\nat org.junit.platform.launcher.core.DefaultLauncher.withInterceptedStreams(DefaultLauncher.java:226)\nat org.junit.platform.launcher.core.DefaultLauncher.execute(DefaultLauncher.java:199)\nat org.junit.platform.launcher.core.DefaultLauncher.execute(DefaultLauncher.java:132)\nat org.gradle.api.internal.tasks.testing.junitplatform.JUnitPlatformTestClassProcessor$CollectAllTestClassesExecutor.processAllTestClasses(JUnitPlatformTestClassProcessor.java:99)\nat org.gradle.api.internal.tasks.testing.junitplatform.JUnitPlatformTestClassProcessor$CollectAllTestClassesExecutor.access$000(JUnitPlatformTestClassProcessor.java:79)\nat org.gradle.api.internal.tasks.testing.junitplatform.JUnitPlatformTestClassProcessor.stop(JUnitPlatformTestClassProcessor.java:75)\nat org.gradle.api.internal.tasks.testing.SuiteTestClassProcessor.stop(SuiteTestClassProcessor.java:61)\nat java.base/jdk.internal.reflect.NativeMethodAccessorImpl.invoke0(Native Method)\nat java.base/jdk.internal.reflect.NativeMethodAccessorImpl.invoke(NativeMethodAccessorImpl.java:62)\nat java.base/jdk.internal.reflect.DelegatingMethodAccessorImpl.invoke(DelegatingMethodAccessorImpl.java:43)\nat java.base/java.lang.reflect.Method.invoke(Method.java:566)\nat org.gradle.internal.dispatch.ReflectionDispatch.dispatch(ReflectionDispatch.java:36)\nat org.gradle.internal.dispatch.ReflectionDispatch.dispatch(ReflectionDispatch.java:24)\nat org.gradle.internal.dispatch.ContextClassLoaderDispatch.dispatch(ContextClassLoaderDispatch.java:33)\nat org.gradle.internal.dispatch.ProxyDispatchAdapter$DispatchingInvocationHandler.invoke(ProxyDispatchAdapter.java:94)\nat com.sun.proxy.$Proxy2.stop(Unknown Source)\nat org.gradle.api.internal.tasks.testing.worker.TestWorker.stop(TestWorker.java:133)\nat java.base/jdk.internal.reflect.NativeMethodAccessorImpl.invoke0(Native Method)\nat java.base/jdk.internal.reflect.NativeMethodAccessorImpl.invoke(NativeMethodAccessorImpl.java:62)\nat java.base/jdk.internal.reflect.DelegatingMethodAccessorImpl.invoke(DelegatingMethodAccessorImpl.java:43)\nat java.base/java.lang.reflect.Method.invoke(Method.java:566)\nat org.gradle.internal.dispatch.ReflectionDispatch.dispatch(ReflectionDispatch.java:36)\nat org.gradle.internal.dispatch.ReflectionDispatch.dispatch(ReflectionDispatch.java:24)\nat org.gradle.internal.remote.internal.hub.MessageHubBackedObjectConnection$DispatchWrapper.dispatch(MessageHubBackedObjectConnection.java:182)\nat org.gradle.internal.remote.internal.hub.MessageHubBackedObjectConnection$DispatchWrapper.dispatch(MessageHubBackedObjectConnection.java:164)\nat org.gradle.internal.remote.internal.hub.MessageHub$Handler.run(MessageHub.java:414)\nat org.gradle.internal.concurrent.ExecutorPolicy$CatchAndRecordFailures.onExecute(ExecutorPolicy.java:64)\nat org.gradle.internal.concurrent.ManagedExecutorImpl$1.run(ManagedExecutorImpl.java:48)\nat java.base/java.util.concurrent.ThreadPoolExecutor.runWorker(ThreadPoolExecutor.java:1128)\nat java.base/java.util.concurrent.ThreadPoolExecutor$Worker.run(ThreadPoolExecutor.java:628)\nat org.gradle.internal.concurrent.ThreadFactoryImpl$ManagedThreadRunnable.run(ThreadFactoryImpl.java:56)\nat java.base/java.lang.Thread.run(Thread.java:834)\nAddExtensionToSingleModuleProjectTest > testAddAndRemoveExtension() FAILED\njava.lang.NumberFormatException at AddExtensionToSingleModuleProjectTest.java:24\n1 test completed, 1 failed\n\nTask :test FAILED\nFAILURE: Build failed with an exception.\n\n\nWhat went wrong:\nExecution failed for task ':test'.\n\n\nThere were failing tests. See the report at: file:///home/garima/quarkus/integration-tests/gradle/build/reports/tests/test/index.html\n\n\nTry:\nRun with --info or --debug option to get more log output. Run with --scan to get full insights.\nException is:\norg.gradle.api.tasks.TaskExecutionException: Execution failed for task ':test'.\nat org.gradle.api.internal.tasks.execution.ExecuteActionsTaskExecuter.lambda$executeIfValid$1(ExecuteActionsTaskExecuter.java:207)\nat org.gradle.internal.Try$Failure.ifSuccessfulOrElse(Try.java:263)\nat org.gradle.api.internal.tasks.execution.ExecuteActionsTaskExecuter.executeIfValid(ExecuteActionsTaskExecuter.java:205)\nat org.gradle.api.internal.tasks.execution.ExecuteActionsTaskExecuter.execute(ExecuteActionsTaskExecuter.java:186)\nat org.gradle.api.internal.tasks.execution.CleanupStaleOutputsExecuter.execute(CleanupStaleOutputsExecuter.java:114)\nat org.gradle.api.internal.tasks.execution.FinalizePropertiesTaskExecuter.execute(FinalizePropertiesTaskExecuter.java:46)\nat org.gradle.api.internal.tasks.execution.ResolveTaskExecutionModeExecuter.execute(ResolveTaskExecutionModeExecuter.java:62)\nat org.gradle.api.internal.tasks.execution.SkipTaskWithNoActionsExecuter.execute(SkipTaskWithNoActionsExecuter.java:57)\nat org.gradle.api.internal.tasks.execution.SkipOnlyIfTaskExecuter.execute(SkipOnlyIfTaskExecuter.java:56)\nat org.gradle.api.internal.tasks.execution.CatchExceptionTaskExecuter.execute(CatchExceptionTaskExecuter.java:36)\nat org.gradle.api.internal.tasks.execution.EventFiringTaskExecuter$1.executeTask(EventFiringTaskExecuter.java:77)\nat org.gradle.api.internal.tasks.execution.EventFiringTaskExecuter$1.call(EventFiringTaskExecuter.java:55)\nat org.gradle.api.internal.tasks.execution.EventFiringTaskExecuter$1.call(EventFiringTaskExecuter.java:52)\nat org.gradle.internal.operations.DefaultBuildOperationExecutor$CallableBuildOperationWorker.execute(DefaultBuildOperationExecutor.java:409)\nat org.gradle.internal.operations.DefaultBuildOperationExecutor$CallableBuildOperationWorker.execute(DefaultBuildOperationExecutor.java:399)\nat org.gradle.internal.operations.DefaultBuildOperationExecutor$1.execute(DefaultBuildOperationExecutor.java:157)\nat org.gradle.internal.operations.DefaultBuildOperationExecutor.execute(DefaultBuildOperationExecutor.java:242)\nat org.gradle.internal.operations.DefaultBuildOperationExecutor.execute(DefaultBuildOperationExecutor.java:150)\nat org.gradle.internal.operations.DefaultBuildOperationExecutor.call(DefaultBuildOperationExecutor.java:94)\nat org.gradle.internal.operations.DelegatingBuildOperationExecutor.call(DelegatingBuildOperationExecutor.java:36)\nat org.gradle.api.internal.tasks.execution.EventFiringTaskExecuter.execute(EventFiringTaskExecuter.java:52)\nat org.gradle.execution.plan.LocalTaskNodeExecutor.execute(LocalTaskNodeExecutor.java:41)\nat org.gradle.execution.taskgraph.DefaultTaskExecutionGraph$InvokeNodeExecutorsAction.execute(DefaultTaskExecutionGraph.java:356)\nat org.gradle.execution.taskgraph.DefaultTaskExecutionGraph$InvokeNodeExecutorsAction.execute(DefaultTaskExecutionGraph.java:343)\nat org.gradle.execution.taskgraph.DefaultTaskExecutionGraph$BuildOperationAwareExecutionAction.execute(DefaultTaskExecutionGraph.java:336)\nat org.gradle.execution.taskgraph.DefaultTaskExecutionGraph$BuildOperationAwareExecutionAction.execute(DefaultTaskExecutionGraph.java:322)\nat org.gradle.execution.plan.DefaultPlanExecutor$ExecutorWorker.lambda$run$0(DefaultPlanExecutor.java:127)\nat org.gradle.execution.plan.DefaultPlanExecutor$ExecutorWorker.execute(DefaultPlanExecutor.java:191)\nat org.gradle.execution.plan.DefaultPlanExecutor$ExecutorWorker.executeNextNode(DefaultPlanExecutor.java:182)\nat org.gradle.execution.plan.DefaultPlanExecutor$ExecutorWorker.run(DefaultPlanExecutor.java:124)\nat org.gradle.execution.plan.DefaultPlanExecutor.process(DefaultPlanExecutor.java:72)\nat org.gradle.execution.taskgraph.DefaultTaskExecutionGraph.executeWithServices(DefaultTaskExecutionGraph.java:181)\nat org.gradle.execution.taskgraph.DefaultTaskExecutionGraph.execute(DefaultTaskExecutionGraph.java:174)\nat org.gradle.execution.SelectedTaskExecutionAction.execute(SelectedTaskExecutionAction.java:39)\nat org.gradle.execution.DefaultBuildWorkExecutor.execute(DefaultBuildWorkExecutor.java:40)\nat org.gradle.execution.DefaultBuildWorkExecutor.access$000(DefaultBuildWorkExecutor.java:24)\nat org.gradle.execution.DefaultBuildWorkExecutor$1.proceed(DefaultBuildWorkExecutor.java:48)\nat org.gradle.execution.DryRunBuildExecutionAction.execute(DryRunBuildExecutionAction.java:49)\nat org.gradle.execution.DefaultBuildWorkExecutor.execute(DefaultBuildWorkExecutor.java:40)\nat org.gradle.execution.DefaultBuildWorkExecutor.execute(DefaultBuildWorkExecutor.java:33)\nat org.gradle.execution.IncludedBuildLifecycleBuildWorkExecutor.execute(IncludedBuildLifecycleBuildWorkExecutor.java:36)\nat org.gradle.execution.DeprecateUndefinedBuildWorkExecutor.execute(DeprecateUndefinedBuildWorkExecutor.java:42)\nat org.gradle.execution.BuildOperationFiringBuildWorkerExecutor$ExecuteTasks.run(BuildOperationFiringBuildWorkerExecutor.java:57)\nat org.gradle.internal.operations.DefaultBuildOperationExecutor$RunnableBuildOperationWorker.execute(DefaultBuildOperationExecutor.java:395)\nat org.gradle.internal.operations.DefaultBuildOperationExecutor$RunnableBuildOperationWorker.execute(DefaultBuildOperationExecutor.java:387)\nat org.gradle.internal.operations.DefaultBuildOperationExecutor$1.execute(DefaultBuildOperationExecutor.java:157)\nat org.gradle.internal.operations.DefaultBuildOperationExecutor.execute(DefaultBuildOperationExecutor.java:242)\nat org.gradle.internal.operations.DefaultBuildOperationExecutor.execute(DefaultBuildOperationExecutor.java:150)\nat org.gradle.internal.operations.DefaultBuildOperationExecutor.run(DefaultBuildOperationExecutor.java:84)\nat org.gradle.internal.operations.DelegatingBuildOperationExecutor.run(DelegatingBuildOperationExecutor.java:31)\nat org.gradle.execution.BuildOperationFiringBuildWorkerExecutor.execute(BuildOperationFiringBuildWorkerExecutor.java:42)\nat org.gradle.initialization.DefaultGradleLauncher.runWork(DefaultGradleLauncher.java:257)\nat org.gradle.initialization.DefaultGradleLauncher.doClassicBuildStages(DefaultGradleLauncher.java:164)\nat org.gradle.initialization.DefaultGradleLauncher.doBuildStages(DefaultGradleLauncher.java:140)\nat org.gradle.initialization.DefaultGradleLauncher.executeTasks(DefaultGradleLauncher.java:120)\nat org.gradle.internal.invocation.GradleBuildController$1.create(GradleBuildController.java:74)\nat org.gradle.internal.invocation.GradleBuildController$1.create(GradleBuildController.java:67)\nat org.gradle.internal.work.DefaultWorkerLeaseService.withLocks(DefaultWorkerLeaseService.java:180)\nat org.gradle.internal.work.StopShieldingWorkerLeaseService.withLocks(StopShieldingWorkerLeaseService.java:40)\nat org.gradle.internal.invocation.GradleBuildController.doBuild(GradleBuildController.java:67)\nat org.gradle.internal.invocation.GradleBuildController.run(GradleBuildController.java:56)\nat org.gradle.tooling.internal.provider.runner.BuildModelActionRunner.run(BuildModelActionRunner.java:54)\nat org.gradle.launcher.exec.ChainingBuildActionRunner.run(ChainingBuildActionRunner.java:35)\nat org.gradle.launcher.exec.ChainingBuildActionRunner.run(ChainingBuildActionRunner.java:35)\nat org.gradle.launcher.exec.BuildOutcomeReportingBuildActionRunner.run(BuildOutcomeReportingBuildActionRunner.java:63)\nat org.gradle.tooling.internal.provider.ValidatingBuildActionRunner.run(ValidatingBuildActionRunner.java:32)\nat org.gradle.launcher.exec.BuildCompletionNotifyingBuildActionRunner.run(BuildCompletionNotifyingBuildActionRunner.java:39)\nat org.gradle.launcher.exec.RunAsBuildOperationBuildActionRunner$3.call(RunAsBuildOperationBuildActionRunner.java:51)\nat org.gradle.launcher.exec.RunAsBuildOperationBuildActionRunner$3.call(RunAsBuildOperationBuildActionRunner.java:45)\nat org.gradle.internal.operations.DefaultBuildOperationExecutor$CallableBuildOperationWorker.execute(DefaultBuildOperationExecutor.java:409)\nat org.gradle.internal.operations.DefaultBuildOperationExecutor$CallableBuildOperationWorker.execute(DefaultBuildOperationExecutor.java:399)\nat org.gradle.internal.operations.DefaultBuildOperationExecutor$1.execute(DefaultBuildOperationExecutor.java:157)\nat org.gradle.internal.operations.DefaultBuildOperationExecutor.execute(DefaultBuildOperationExecutor.java:242)\nat org.gradle.internal.operations.DefaultBuildOperationExecutor.execute(DefaultBuildOperationExecutor.java:150)\nat org.gradle.internal.operations.DefaultBuildOperationExecutor.call(DefaultBuildOperationExecutor.java:94)\nat org.gradle.internal.operations.DelegatingBuildOperationExecutor.call(DelegatingBuildOperationExecutor.java:36)\nat org.gradle.launcher.exec.RunAsBuildOperationBuildActionRunner.run(RunAsBuildOperationBuildActionRunner.java:45)\nat org.gradle.launcher.exec.InProcessBuildActionExecuter$1.transform(InProcessBuildActionExecuter.java:50)\nat org.gradle.launcher.exec.InProcessBuildActionExecuter$1.transform(InProcessBuildActionExecuter.java:47)\nat org.gradle.composite.internal.DefaultRootBuildState.run(DefaultRootBuildState.java:80)\nat org.gradle.launcher.exec.InProcessBuildActionExecuter.execute(InProcessBuildActionExecuter.java:47)\nat org.gradle.launcher.exec.InProcessBuildActionExecuter.execute(InProcessBuildActionExecuter.java:31)\nat org.gradle.launcher.exec.BuildTreeScopeBuildActionExecuter.execute(BuildTreeScopeBuildActionExecuter.java:42)\nat org.gradle.launcher.exec.BuildTreeScopeBuildActionExecuter.execute(BuildTreeScopeBuildActionExecuter.java:28)\nat org.gradle.tooling.internal.provider.ContinuousBuildActionExecuter.execute(ContinuousBuildActionExecuter.java:87)\nat org.gradle.tooling.internal.provider.ContinuousBuildActionExecuter.execute(ContinuousBuildActionExecuter.java:55)\nat org.gradle.tooling.internal.provider.SubscribableBuildActionExecuter.execute(SubscribableBuildActionExecuter.java:60)\nat org.gradle.tooling.internal.provider.SubscribableBuildActionExecuter.execute(SubscribableBuildActionExecuter.java:38)\nat org.gradle.tooling.internal.provider.SessionScopeBuildActionExecuter.execute(SessionScopeBuildActionExecuter.java:68)\nat org.gradle.tooling.internal.provider.SessionScopeBuildActionExecuter.execute(SessionScopeBuildActionExecuter.java:38)\nat org.gradle.tooling.internal.provider.GradleThreadBuildActionExecuter.execute(GradleThreadBuildActionExecuter.java:37)\nat org.gradle.tooling.internal.provider.GradleThreadBuildActionExecuter.execute(GradleThreadBuildActionExecuter.java:26)\nat org.gradle.tooling.internal.provider.StartParamsValidatingActionExecuter.execute(StartParamsValidatingActionExecuter.java:60)\nat org.gradle.tooling.internal.provider.StartParamsValidatingActionExecuter.execute(StartParamsValidatingActionExecuter.java:32)\nat org.gradle.tooling.internal.provider.SessionFailureReportingActionExecuter.execute(SessionFailureReportingActionExecuter.java:56)\nat org.gradle.tooling.internal.provider.SessionFailureReportingActionExecuter.execute(SessionFailureReportingActionExecuter.java:42)\nat org.gradle.tooling.internal.provider.SetupLoggingActionExecuter.execute(SetupLoggingActionExecuter.java:48)\nat org.gradle.tooling.internal.provider.SetupLoggingActionExecuter.execute(SetupLoggingActionExecuter.java:32)\nat org.gradle.launcher.daemon.server.exec.ExecuteBuild.doBuild(ExecuteBuild.java:68)\nat org.gradle.launcher.daemon.server.exec.BuildCommandOnly.execute(BuildCommandOnly.java:37)\nat org.gradle.launcher.daemon.server.api.DaemonCommandExecution.proceed(DaemonCommandExecution.java:104)\nat org.gradle.launcher.daemon.server.exec.WatchForDisconnection.execute(WatchForDisconnection.java:39)\nat org.gradle.launcher.daemon.server.api.DaemonCommandExecution.proceed(DaemonCommandExecution.java:104)\nat org.gradle.launcher.daemon.server.exec.ResetDeprecationLogger.execute(ResetDeprecationLogger.java:29)\nat org.gradle.launcher.daemon.server.api.DaemonCommandExecution.proceed(DaemonCommandExecution.java:104)\nat org.gradle.launcher.daemon.server.exec.RequestStopIfSingleUsedDaemon.execute(RequestStopIfSingleUsedDaemon.java:35)\nat org.gradle.launcher.daemon.server.api.DaemonCommandExecution.proceed(DaemonCommandExecution.java:104)\nat org.gradle.launcher.daemon.server.exec.ForwardClientInput$2.create(ForwardClientInput.java:78)\nat org.gradle.launcher.daemon.server.exec.ForwardClientInput$2.create(ForwardClientInput.java:75)\nat org.gradle.util.Swapper.swap(Swapper.java:38)\nat org.gradle.launcher.daemon.server.exec.ForwardClientInput.execute(ForwardClientInput.java:75)\nat org.gradle.launcher.daemon.server.api.DaemonCommandExecution.proceed(DaemonCommandExecution.java:104)\nat org.gradle.launcher.daemon.server.exec.LogAndCheckHealth.execute(LogAndCheckHealth.java:55)\nat org.gradle.launcher.daemon.server.api.DaemonCommandExecution.proceed(DaemonCommandExecution.java:104)\nat org.gradle.launcher.daemon.server.exec.LogToClient.doBuild(LogToClient.java:63)\nat org.gradle.launcher.daemon.server.exec.BuildCommandOnly.execute(BuildCommandOnly.java:37)\nat org.gradle.launcher.daemon.server.api.DaemonCommandExecution.proceed(DaemonCommandExecution.java:104)\nat org.gradle.launcher.daemon.server.exec.EstablishBuildEnvironment.doBuild(EstablishBuildEnvironment.java:82)\nat org.gradle.launcher.daemon.server.exec.BuildCommandOnly.execute(BuildCommandOnly.java:37)\nat org.gradle.launcher.daemon.server.api.DaemonCommandExecution.proceed(DaemonCommandExecution.java:104)\nat org.gradle.launcher.daemon.server.exec.StartBuildOrRespondWithBusy$1.run(StartBuildOrRespondWithBusy.java:52)\nat org.gradle.launcher.daemon.server.DaemonStateCoordinator$1.run(DaemonStateCoordinator.java:297)\nat org.gradle.internal.concurrent.ExecutorPolicy$CatchAndRecordFailures.onExecute(ExecutorPolicy.java:64)\nat org.gradle.internal.concurrent.ManagedExecutorImpl$1.run(ManagedExecutorImpl.java:48)\nat org.gradle.internal.concurrent.ThreadFactoryImpl$ManagedThreadRunnable.run(ThreadFactoryImpl.java:56)\nCaused by: org.gradle.api.GradleException: There were failing tests. See the report at: file:///home/garima/quarkus/integration-tests/gradle/build/reports/tests/test/index.html\nat org.gradle.api.tasks.testing.AbstractTestTask.handleTestFailures(AbstractTestTask.java:628)\nat org.gradle.api.tasks.testing.AbstractTestTask.executeTests(AbstractTestTask.java:499)\nat org.gradle.api.tasks.testing.Test.executeTests(Test.java:646)\nat java.base/jdk.internal.reflect.NativeMethodAccessorImpl.invoke0(Native Method)\nat java.base/jdk.internal.reflect.NativeMethodAccessorImpl.invoke(NativeMethodAccessorImpl.java:62)\nat java.base/jdk.internal.reflect.DelegatingMethodAccessorImpl.invoke(DelegatingMethodAccessorImpl.java:43)\nat org.gradle.internal.reflect.JavaMethod.invoke(JavaMethod.java:104)\nat org.gradle.api.internal.project.taskfactory.StandardTaskAction.doExecute(StandardTaskAction.java:49)\nat org.gradle.api.internal.project.taskfactory.StandardTaskAction.execute(StandardTaskAction.java:42)\nat org.gradle.api.internal.project.taskfactory.StandardTaskAction.execute(StandardTaskAction.java:28)\nat org.gradle.api.internal.AbstractTask$TaskActionWrapper.execute(AbstractTask.java:726)\nat org.gradle.api.internal.AbstractTask$TaskActionWrapper.execute(AbstractTask.java:693)\nat org.gradle.api.internal.tasks.execution.ExecuteActionsTaskExecuter$3.run(ExecuteActionsTaskExecuter.java:569)\nat org.gradle.internal.operations.DefaultBuildOperationExecutor$RunnableBuildOperationWorker.execute(DefaultBuildOperationExecutor.java:395)\nat org.gradle.internal.operations.DefaultBuildOperationExecutor$RunnableBuildOperationWorker.execute(DefaultBuildOperationExecutor.java:387)\nat org.gradle.internal.operations.DefaultBuildOperationExecutor$1.execute(DefaultBuildOperationExecutor.java:157)\nat org.gradle.internal.operations.DefaultBuildOperationExecutor.execute(DefaultBuildOperationExecutor.java:242)\nat org.gradle.internal.operations.DefaultBuildOperationExecutor.execute(DefaultBuildOperationExecutor.java:150)\nat org.gradle.internal.operations.DefaultBuildOperationExecutor.run(DefaultBuildOperationExecutor.java:84)\nat org.gradle.internal.operations.DelegatingBuildOperationExecutor.run(DelegatingBuildOperationExecutor.java:31)\nat org.gradle.api.internal.tasks.execution.ExecuteActionsTaskExecuter.executeAction(ExecuteActionsTaskExecuter.java:554)\nat org.gradle.api.internal.tasks.execution.ExecuteActionsTaskExecuter.executeActions(ExecuteActionsTaskExecuter.java:537)\nat org.gradle.api.internal.tasks.execution.ExecuteActionsTaskExecuter.access$300(ExecuteActionsTaskExecuter.java:108)\nat org.gradle.api.internal.tasks.execution.ExecuteActionsTaskExecuter$TaskExecution.executeWithPreviousOutputFiles(ExecuteActionsTaskExecuter.java:278)\nat org.gradle.api.internal.tasks.execution.ExecuteActionsTaskExecuter$TaskExecution.execute(ExecuteActionsTaskExecuter.java:267)\nat org.gradle.internal.execution.steps.ExecuteStep.lambda$execute$1(ExecuteStep.java:33)\nat org.gradle.internal.execution.steps.ExecuteStep.execute(ExecuteStep.java:33)\nat org.gradle.internal.execution.steps.ExecuteStep.execute(ExecuteStep.java:26)\nat org.gradle.internal.execution.steps.CleanupOutputsStep.execute(CleanupOutputsStep.java:67)\nat org.gradle.internal.execution.steps.CleanupOutputsStep.execute(CleanupOutputsStep.java:36)\nat org.gradle.internal.execution.steps.ResolveInputChangesStep.execute(ResolveInputChangesStep.java:49)\nat org.gradle.internal.execution.steps.ResolveInputChangesStep.execute(ResolveInputChangesStep.java:34)\nat org.gradle.internal.execution.steps.CancelExecutionStep.execute(CancelExecutionStep.java:43)\nat org.gradle.internal.execution.steps.TimeoutStep.executeWithoutTimeout(TimeoutStep.java:73)\nat org.gradle.internal.execution.steps.TimeoutStep.execute(TimeoutStep.java:54)\nat org.gradle.internal.execution.steps.CatchExceptionStep.execute(CatchExceptionStep.java:34)\nat org.gradle.internal.execution.steps.CreateOutputsStep.execute(CreateOutputsStep.java:44)\nat org.gradle.internal.execution.steps.SnapshotOutputsStep.execute(SnapshotOutputsStep.java:54)\nat org.gradle.internal.execution.steps.SnapshotOutputsStep.execute(SnapshotOutputsStep.java:38)\nat org.gradle.internal.execution.steps.BroadcastChangingOutputsStep.execute(BroadcastChangingOutputsStep.java:49)\nat org.gradle.internal.execution.steps.CacheStep.executeWithoutCache(CacheStep.java:159)\nat org.gradle.internal.execution.steps.CacheStep.execute(CacheStep.java:72)\nat org.gradle.internal.execution.steps.CacheStep.execute(CacheStep.java:43)\nat org.gradle.internal.execution.steps.StoreExecutionStateStep.execute(StoreExecutionStateStep.java:44)\nat org.gradle.internal.execution.steps.StoreExecutionStateStep.execute(StoreExecutionStateStep.java:33)\nat org.gradle.internal.execution.steps.RecordOutputsStep.execute(RecordOutputsStep.java:38)\nat org.gradle.internal.execution.steps.RecordOutputsStep.execute(RecordOutputsStep.java:24)\nat org.gradle.internal.execution.steps.SkipUpToDateStep.executeBecause(SkipUpToDateStep.java:92)\nat org.gradle.internal.execution.steps.SkipUpToDateStep.lambda$execute$0(SkipUpToDateStep.java:85)\nat org.gradle.internal.execution.steps.SkipUpToDateStep.execute(SkipUpToDateStep.java:55)\nat org.gradle.internal.execution.steps.SkipUpToDateStep.execute(SkipUpToDateStep.java:39)\nat org.gradle.internal.execution.steps.ResolveChangesStep.execute(ResolveChangesStep.java:76)\nat org.gradle.internal.execution.steps.ResolveChangesStep.execute(ResolveChangesStep.java:37)\nat org.gradle.internal.execution.steps.legacy.MarkSnapshottingInputsFinishedStep.execute(MarkSnapshottingInputsFinishedStep.java:36)\nat org.gradle.internal.execution.steps.legacy.MarkSnapshottingInputsFinishedStep.execute(MarkSnapshottingInputsFinishedStep.java:26)\nat org.gradle.internal.execution.steps.ResolveCachingStateStep.execute(ResolveCachingStateStep.java:94)\nat org.gradle.internal.execution.steps.ResolveCachingStateStep.execute(ResolveCachingStateStep.java:49)\nat org.gradle.internal.execution.steps.CaptureStateBeforeExecutionStep.execute(CaptureStateBeforeExecutionStep.java:79)\nat org.gradle.internal.execution.steps.CaptureStateBeforeExecutionStep.execute(CaptureStateBeforeExecutionStep.java:53)\nat org.gradle.internal.execution.steps.ValidateStep.execute(ValidateStep.java:74)\nat org.gradle.internal.execution.steps.SkipEmptyWorkStep.lambda$execute$2(SkipEmptyWorkStep.java:78)\nat org.gradle.internal.execution.steps.SkipEmptyWorkStep.execute(SkipEmptyWorkStep.java:78)\nat org.gradle.internal.execution.steps.SkipEmptyWorkStep.execute(SkipEmptyWorkStep.java:34)\nat org.gradle.internal.execution.steps.legacy.MarkSnapshottingInputsStartedStep.execute(MarkSnapshottingInputsStartedStep.java:39)\nat org.gradle.internal.execution.steps.LoadExecutionStateStep.execute(LoadExecutionStateStep.java:40)\nat org.gradle.internal.execution.steps.LoadExecutionStateStep.execute(LoadExecutionStateStep.java:28)\nat org.gradle.internal.execution.impl.DefaultWorkExecutor.execute(DefaultWorkExecutor.java:33)\nat org.gradle.api.internal.tasks.execution.ExecuteActionsTaskExecuter.executeIfValid(ExecuteActionsTaskExecuter.java:194)\nat org.gradle.api.internal.tasks.execution.ExecuteActionsTaskExecuter.execute(ExecuteActionsTaskExecuter.java:186)\nat org.gradle.api.internal.tasks.execution.CleanupStaleOutputsExecuter.execute(CleanupStaleOutputsExecuter.java:114)\nat org.gradle.api.internal.tasks.execution.FinalizePropertiesTaskExecuter.execute(FinalizePropertiesTaskExecuter.java:46)\nat org.gradle.api.internal.tasks.execution.ResolveTaskExecutionModeExecuter.execute(ResolveTaskExecutionModeExecuter.java:62)\nat org.gradle.api.internal.tasks.execution.SkipTaskWithNoActionsExecuter.execute(SkipTaskWithNoActionsExecuter.java:57)\nat org.gradle.api.internal.tasks.execution.SkipOnlyIfTaskExecuter.execute(SkipOnlyIfTaskExecuter.java:56)\nat org.gradle.api.internal.tasks.execution.CatchExceptionTaskExecuter.execute(CatchExceptionTaskExecuter.java:36)\nat org.gradle.api.internal.tasks.execution.EventFiringTaskExecuter$1.executeTask(EventFiringTaskExecuter.java:77)\nat org.gradle.api.internal.tasks.execution.EventFiringTaskExecuter$1.call(EventFiringTaskExecuter.java:55)\nat org.gradle.api.internal.tasks.execution.EventFiringTaskExecuter$1.call(EventFiringTaskExecuter.java:52)\nat org.gradle.internal.operations.DefaultBuildOperationExecutor$CallableBuildOperationWorker.execute(DefaultBuildOperationExecutor.java:409)\nat org.gradle.internal.operations.DefaultBuildOperationExecutor$CallableBuildOperationWorker.execute(DefaultBuildOperationExecutor.java:399)\nat org.gradle.internal.operations.DefaultBuildOperationExecutor$1.execute(DefaultBuildOperationExecutor.java:157)\nat org.gradle.internal.operations.DefaultBuildOperationExecutor.execute(DefaultBuildOperationExecutor.java:242)\nat org.gradle.internal.operations.DefaultBuildOperationExecutor.execute(DefaultBuildOperationExecutor.java:150)\nat org.gradle.internal.operations.DefaultBuildOperationExecutor.call(DefaultBuildOperationExecutor.java:94)\nat org.gradle.internal.operations.DelegatingBuildOperationExecutor.call(DelegatingBuildOperationExecutor.java:36)\nat org.gradle.api.internal.tasks.execution.EventFiringTaskExecuter.execute(EventFiringTaskExecuter.java:52)\nat org.gradle.execution.plan.LocalTaskNodeExecutor.execute(LocalTaskNodeExecutor.java:41)\nat org.gradle.execution.taskgraph.DefaultTaskExecutionGraph$InvokeNodeExecutorsAction.execute(DefaultTaskExecutionGraph.java:356)\nat org.gradle.execution.taskgraph.DefaultTaskExecutionGraph$InvokeNodeExecutorsAction.execute(DefaultTaskExecutionGraph.java:343)\nat org.gradle.execution.taskgraph.DefaultTaskExecutionGraph$BuildOperationAwareExecutionAction.execute(DefaultTaskExecutionGraph.java:336)\nat org.gradle.execution.taskgraph.DefaultTaskExecutionGraph$BuildOperationAwareExecutionAction.execute(DefaultTaskExecutionGraph.java:322)\nat org.gradle.execution.plan.DefaultPlanExecutor$ExecutorWorker.lambda$run$0(DefaultPlanExecutor.java:127)\nat org.gradle.execution.plan.DefaultPlanExecutor$ExecutorWorker.execute(DefaultPlanExecutor.java:191)\nat org.gradle.execution.plan.DefaultPlanExecutor$ExecutorWorker.executeNextNode(DefaultPlanExecutor.java:182)\nat org.gradle.execution.plan.DefaultPlanExecutor$ExecutorWorker.run(DefaultPlanExecutor.java:124)\nat org.gradle.execution.plan.DefaultPlanExecutor.process(DefaultPlanExecutor.java:72)\nat org.gradle.execution.taskgraph.DefaultTaskExecutionGraph.executeWithServices(DefaultTaskExecutionGraph.java:181)\nat org.gradle.execution.taskgraph.DefaultTaskExecutionGraph.execute(DefaultTaskExecutionGraph.java:174)\nat org.gradle.execution.SelectedTaskExecutionAction.execute(SelectedTaskExecutionAction.java:39)\nat org.gradle.execution.DefaultBuildWorkExecutor.execute(DefaultBuildWorkExecutor.java:40)\nat org.gradle.execution.DefaultBuildWorkExecutor.access$000(DefaultBuildWorkExecutor.java:24)\nat org.gradle.execution.DefaultBuildWorkExecutor$1.proceed(DefaultBuildWorkExecutor.java:48)\nat org.gradle.execution.DryRunBuildExecutionAction.execute(DryRunBuildExecutionAction.java:49)\nat org.gradle.execution.DefaultBuildWorkExecutor.execute(DefaultBuildWorkExecutor.java:40)\nat org.gradle.execution.DefaultBuildWorkExecutor.execute(DefaultBuildWorkExecutor.java:33)\nat org.gradle.execution.IncludedBuildLifecycleBuildWorkExecutor.execute(IncludedBuildLifecycleBuildWorkExecutor.java:36)\nat org.gradle.execution.DeprecateUndefinedBuildWorkExecutor.execute(DeprecateUndefinedBuildWorkExecutor.java:42)\nat org.gradle.execution.BuildOperationFiringBuildWorkerExecutor$ExecuteTasks.run(BuildOperationFiringBuildWorkerExecutor.java:57)\nat org.gradle.internal.operations.DefaultBuildOperationExecutor$RunnableBuildOperationWorker.execute(DefaultBuildOperationExecutor.java:395)\nat org.gradle.internal.operations.DefaultBuildOperationExecutor$RunnableBuildOperationWorker.execute(DefaultBuildOperationExecutor.java:387)\nat org.gradle.internal.operations.DefaultBuildOperationExecutor$1.execute(DefaultBuildOperationExecutor.java:157)\nat org.gradle.internal.operations.DefaultBuildOperationExecutor.execute(DefaultBuildOperationExecutor.java:242)\nat org.gradle.internal.operations.DefaultBuildOperationExecutor.execute(DefaultBuildOperationExecutor.java:150)\nat org.gradle.internal.operations.DefaultBuildOperationExecutor.run(DefaultBuildOperationExecutor.java:84)\nat org.gradle.internal.operations.DelegatingBuildOperationExecutor.run(DelegatingBuildOperationExecutor.java:31)\nat org.gradle.execution.BuildOperationFiringBuildWorkerExecutor.execute(BuildOperationFiringBuildWorkerExecutor.java:42)\nat org.gradle.initialization.DefaultGradleLauncher.runWork(DefaultGradleLauncher.java:257)\nat org.gradle.initialization.DefaultGradleLauncher.doClassicBuildStages(DefaultGradleLauncher.java:164)\nat org.gradle.initialization.DefaultGradleLauncher.doBuildStages(DefaultGradleLauncher.java:140)\nat org.gradle.initialization.DefaultGradleLauncher.executeTasks(DefaultGradleLauncher.java:120)\nat org.gradle.internal.invocation.GradleBuildController$1.create(GradleBuildController.java:74)\nat org.gradle.internal.invocation.GradleBuildController$1.create(GradleBuildController.java:67)\nat org.gradle.internal.work.DefaultWorkerLeaseService.withLocks(DefaultWorkerLeaseService.java:180)\nat org.gradle.internal.work.StopShieldingWorkerLeaseService.withLocks(StopShieldingWorkerLeaseService.java:40)\nat org.gradle.internal.invocation.GradleBuildController.doBuild(GradleBuildController.java:67)\nat org.gradle.internal.invocation.GradleBuildController.run(GradleBuildController.java:56)\nat org.gradle.tooling.internal.provider.runner.BuildModelActionRunner.run(BuildModelActionRunner.java:54)\nat org.gradle.launcher.exec.ChainingBuildActionRunner.run(ChainingBuildActionRunner.java:35)\nat org.gradle.launcher.exec.ChainingBuildActionRunner.run(ChainingBuildActionRunner.java:35)\nat org.gradle.launcher.exec.BuildOutcomeReportingBuildActionRunner.run(BuildOutcomeReportingBuildActionRunner.java:63)\nat org.gradle.tooling.internal.provider.ValidatingBuildActionRunner.run(ValidatingBuildActionRunner.java:32)\nat org.gradle.launcher.exec.BuildCompletionNotifyingBuildActionRunner.run(BuildCompletionNotifyingBuildActionRunner.java:39)\nat org.gradle.launcher.exec.RunAsBuildOperationBuildActionRunner$3.call(RunAsBuildOperationBuildActionRunner.java:51)\nat org.gradle.launcher.exec.RunAsBuildOperationBuildActionRunner$3.call(RunAsBuildOperationBuildActionRunner.java:45)\nat org.gradle.internal.operations.DefaultBuildOperationExecutor$CallableBuildOperationWorker.execute(DefaultBuildOperationExecutor.java:409)\nat org.gradle.internal.operations.DefaultBuildOperationExecutor$CallableBuildOperationWorker.execute(DefaultBuildOperationExecutor.java:399)\nat org.gradle.internal.operations.DefaultBuildOperationExecutor$1.execute(DefaultBuildOperationExecutor.java:157)\nat org.gradle.internal.operations.DefaultBuildOperationExecutor.execute(DefaultBuildOperationExecutor.java:242)\nat org.gradle.internal.operations.DefaultBuildOperationExecutor.execute(DefaultBuildOperationExecutor.java:150)\nat org.gradle.internal.operations.DefaultBuildOperationExecutor.call(DefaultBuildOperationExecutor.java:94)\nat org.gradle.internal.operations.DelegatingBuildOperationExecutor.call(DelegatingBuildOperationExecutor.java:36)\nat org.gradle.launcher.exec.RunAsBuildOperationBuildActionRunner.run(RunAsBuildOperationBuildActionRunner.java:45)\nat org.gradle.launcher.exec.InProcessBuildActionExecuter$1.transform(InProcessBuildActionExecuter.java:50)\nat org.gradle.launcher.exec.InProcessBuildActionExecuter$1.transform(InProcessBuildActionExecuter.java:47)\nat org.gradle.composite.internal.DefaultRootBuildState.run(DefaultRootBuildState.java:80)\nat org.gradle.launcher.exec.InProcessBuildActionExecuter.execute(InProcessBuildActionExecuter.java:47)\nat org.gradle.launcher.exec.InProcessBuildActionExecuter.execute(InProcessBuildActionExecuter.java:31)\nat org.gradle.launcher.exec.BuildTreeScopeBuildActionExecuter.execute(BuildTreeScopeBuildActionExecuter.java:42)\nat org.gradle.launcher.exec.BuildTreeScopeBuildActionExecuter.execute(BuildTreeScopeBuildActionExecuter.java:28)\nat org.gradle.tooling.internal.provider.ContinuousBuildActionExecuter.execute(ContinuousBuildActionExecuter.java:87)\nat org.gradle.tooling.internal.provider.ContinuousBuildActionExecuter.execute(ContinuousBuildActionExecuter.java:55)\nat org.gradle.tooling.internal.provider.SubscribableBuildActionExecuter.execute(SubscribableBuildActionExecuter.java:60)\nat org.gradle.tooling.internal.provider.SubscribableBuildActionExecuter.execute(SubscribableBuildActionExecuter.java:38)\nat org.gradle.tooling.internal.provider.SessionScopeBuildActionExecuter.execute(SessionScopeBuildActionExecuter.java:68)\nat org.gradle.tooling.internal.provider.SessionScopeBuildActionExecuter.execute(SessionScopeBuildActionExecuter.java:38)\nat org.gradle.tooling.internal.provider.GradleThreadBuildActionExecuter.execute(GradleThreadBuildActionExecuter.java:37)\nat org.gradle.tooling.internal.provider.GradleThreadBuildActionExecuter.execute(GradleThreadBuildActionExecuter.java:26)\nat org.gradle.tooling.internal.provider.StartParamsValidatingActionExecuter.execute(StartParamsValidatingActionExecuter.java:60)\nat org.gradle.tooling.internal.provider.StartParamsValidatingActionExecuter.execute(StartParamsValidatingActionExecuter.java:32)\nat org.gradle.tooling.internal.provider.SessionFailureReportingActionExecuter.execute(SessionFailureReportingActionExecuter.java:56)\nat org.gradle.tooling.internal.provider.SessionFailureReportingActionExecuter.execute(SessionFailureReportingActionExecuter.java:42)\nat org.gradle.tooling.internal.provider.SetupLoggingActionExecuter.execute(SetupLoggingActionExecuter.java:48)\nat org.gradle.tooling.internal.provider.SetupLoggingActionExecuter.execute(SetupLoggingActionExecuter.java:32)\nat org.gradle.launcher.daemon.server.exec.ExecuteBuild.doBuild(ExecuteBuild.java:68)\nat org.gradle.launcher.daemon.server.exec.BuildCommandOnly.execute(BuildCommandOnly.java:37)\nat org.gradle.launcher.daemon.server.api.DaemonCommandExecution.proceed(DaemonCommandExecution.java:104)\nat org.gradle.launcher.daemon.server.exec.WatchForDisconnection.execute(WatchForDisconnection.java:39)\nat org.gradle.launcher.daemon.server.api.DaemonCommandExecution.proceed(DaemonCommandExecution.java:104)\nat org.gradle.launcher.daemon.server.exec.ResetDeprecationLogger.execute(ResetDeprecationLogger.java:29)\nat org.gradle.launcher.daemon.server.api.DaemonCommandExecution.proceed(DaemonCommandExecution.java:104)\nat org.gradle.launcher.daemon.server.exec.RequestStopIfSingleUsedDaemon.execute(RequestStopIfSingleUsedDaemon.java:35)\nat org.gradle.launcher.daemon.server.api.DaemonCommandExecution.proceed(DaemonCommandExecution.java:104)\nat org.gradle.launcher.daemon.server.exec.ForwardClientInput$2.create(ForwardClientInput.java:78)\nat org.gradle.launcher.daemon.server.exec.ForwardClientInput$2.create(ForwardClientInput.java:75)\nat org.gradle.util.Swapper.swap(Swapper.java:38)\nat org.gradle.launcher.daemon.server.exec.ForwardClientInput.execute(ForwardClientInput.java:75)\nat org.gradle.launcher.daemon.server.api.DaemonCommandExecution.proceed(DaemonCommandExecution.java:104)\nat org.gradle.launcher.daemon.server.exec.LogAndCheckHealth.execute(LogAndCheckHealth.java:55)\nat org.gradle.launcher.daemon.server.api.DaemonCommandExecution.proceed(DaemonCommandExecution.java:104)\nat org.gradle.launcher.daemon.server.exec.LogToClient.doBuild(LogToClient.java:63)\nat org.gradle.launcher.daemon.server.exec.BuildCommandOnly.execute(BuildCommandOnly.java:37)\nat org.gradle.launcher.daemon.server.api.DaemonCommandExecution.proceed(DaemonCommandExecution.java:104)\nat org.gradle.launcher.daemon.server.exec.EstablishBuildEnvironment.doBuild(EstablishBuildEnvironment.java:82)\nat org.gradle.launcher.daemon.server.exec.BuildCommandOnly.execute(BuildCommandOnly.java:37)\nat org.gradle.launcher.daemon.server.api.DaemonCommandExecution.proceed(DaemonCommandExecution.java:104)\nat org.gradle.launcher.daemon.server.exec.StartBuildOrRespondWithBusy$1.run(StartBuildOrRespondWithBusy.java:52)\nat org.gradle.launcher.daemon.server.DaemonStateCoordinator$1.run(DaemonStateCoordinator.java:297)\nat org.gradle.internal.concurrent.ExecutorPolicy$CatchAndRecordFailures.onExecute(ExecutorPolicy.java:64)\nat org.gradle.internal.concurrent.ManagedExecutorImpl$1.run(ManagedExecutorImpl.java:48)\nat org.gradle.internal.concurrent.ThreadFactoryImpl$ManagedThreadRunnable.run(ThreadFactoryImpl.java:56)\nGet more help at https://help.gradle.org\nBUILD FAILED in 26s\n5 actionable tasks: 2 executed, 3 up-to-date\nPublishing build scan...\nhttps://gradle.com/s/ox5yv3cemxpoe", "author": "Garima829", "createdAt": "2020-07-13T13:57:22Z", "replyToReviewId": "MDI0OlB1bGxSZXF1ZXN0UmV2aWV3Q29tbWVudDQ1MzY2NTMwOA=="}, {"id": "MDI0OlB1bGxSZXF1ZXN0UmV2aWV3Q29tbWVudDQ1MzY3MzA4OQ==", "url": "https://github.com/quarkusio/quarkus/pull/10678#discussion_r453673089", "bodyText": "The stacktrace shows that Byte.parseByte is used instead of Files.readAllBytes, can you double-check?", "author": "gastaldi", "createdAt": "2020-07-13T14:02:56Z", "replyToReviewId": "MDI0OlB1bGxSZXF1ZXN0UmV2aWV3Q29tbWVudDQ1MzY2NTMwOA=="}, {"id": "MDI0OlB1bGxSZXF1ZXN0UmV2aWV3Q29tbWVudDQ1MzY3NTAwMw==", "url": "https://github.com/quarkusio/quarkus/pull/10678#discussion_r453675003", "bodyText": "assertThat(Files.readAllBytes(build)).contains(Byte.parseByte(\"implementation 'io.quarkus:quarkus-hibernate-orm'\"));\nthis is what I used", "author": "Garima829", "createdAt": "2020-07-13T14:05:47Z", "replyToReviewId": "MDI0OlB1bGxSZXF1ZXN0UmV2aWV3Q29tbWVudDQ1MzY2NTMwOA=="}, {"id": "MDI0OlB1bGxSZXF1ZXN0UmV2aWV3Q29tbWVudDQ1MzY3NTc2NA==", "url": "https://github.com/quarkusio/quarkus/pull/10678#discussion_r453675764", "bodyText": "assertThat(Files.readAllBytes(build)).contains(\"implementation 'io.quarkus:quarkus-hibernate-orm'\");\nif I type just this, i.e. without the Byte.parseByte it gives an error saying to use Byte.parseByte", "author": "Garima829", "createdAt": "2020-07-13T14:07:00Z", "replyToReviewId": "MDI0OlB1bGxSZXF1ZXN0UmV2aWV3Q29tbWVudDQ1MzY2NTMwOA=="}, {"id": "MDI0OlB1bGxSZXF1ZXN0UmV2aWV3Q29tbWVudDQ1MzY3OTMyMA==", "url": "https://github.com/quarkusio/quarkus/pull/10678#discussion_r453679320", "bodyText": "You need to convert the byte[] to String to use the contains() method. See #10678 (comment) to see how it would look like", "author": "gastaldi", "createdAt": "2020-07-13T14:12:17Z", "replyToReviewId": "MDI0OlB1bGxSZXF1ZXN0UmV2aWV3Q29tbWVudDQ1MzY2NTMwOA=="}, {"id": "MDI0OlB1bGxSZXF1ZXN0UmV2aWV3Q29tbWVudDQ1MzY4MTYyOQ==", "url": "https://github.com/quarkusio/quarkus/pull/10678#discussion_r453681629", "bodyText": "Ohh I am sorry I didn't realize you already gave the solution, will update this rn :)", "author": "Garima829", "createdAt": "2020-07-13T14:15:47Z", "replyToReviewId": "MDI0OlB1bGxSZXF1ZXN0UmV2aWV3Q29tbWVudDQ1MzY2NTMwOA=="}], "type": "inlineReview"}, {"oid": "7c44acd0423fc3adcae1854f565b7f8377950790", "url": "https://github.com/quarkusio/quarkus/commit/7c44acd0423fc3adcae1854f565b7f8377950790", "message": "Add and remove extension from single module project", "committedDate": "2020-07-13T14:24:43Z", "type": "commit"}, {"oid": "7c44acd0423fc3adcae1854f565b7f8377950790", "url": "https://github.com/quarkusio/quarkus/commit/7c44acd0423fc3adcae1854f565b7f8377950790", "message": "Add and remove extension from single module project", "committedDate": "2020-07-13T14:24:43Z", "type": "forcePushed"}]}